<?xml version="1.0" encoding="UTF-8"?>
<!-- Generated by org.testng.reporters.JUnitReportReporter -->
<testsuite hostname="Mehedis-MacBook-Air.local" failures="0" tests="1" name="mooncat_basic_test.Multifunctional" time="1.310" errors="0" timestamp="2024-09-04T13:12:30 BDT" skipped="0">
  <testcase classname="mooncat_basic_test.Multifunctional" name="Check_Search_Box_Functionality" time="1.310"/>
</testsuite> <!-- mooncat_basic_test.Multifunctional -->
