<?xml version="1.0" encoding="UTF-8"?>
<!-- Generated by org.testng.reporters.JUnitReportReporter -->
<testsuite hostname="Mehedis-MacBook-Air.local" failures="0" tests="1" name="mooncat_basic_test.Get_All_Links" time="3.997" errors="0" timestamp="2024-08-28T21:09:47 BDT" skipped="0">
  <testcase classname="mooncat_basic_test.Get_All_Links" name="Print_All_Links" time="3.997"/>
</testsuite> <!-- mooncat_basic_test.Get_All_Links -->
