<?xml version="1.0" encoding="UTF-8"?>
<!-- Generated by org.testng.reporters.JUnitReportReporter -->
<testsuite hostname="Mehedis-MacBook-Air.local" failures="0" tests="1" name="mooncat_basic_test.Currency_Converter_test" time="37.740" errors="0" timestamp="2024-09-18T12:06:58 BDT" skipped="0">
  <testcase classname="mooncat_basic_test.Currency_Converter_test" name="USD_to_EUR_Converter" time="37.740"/>
</testsuite> <!-- mooncat_basic_test.Currency_Converter_test -->
