<?xml version="1.0" encoding="UTF-8"?>
<!-- Generated by org.testng.reporters.JUnitReportReporter -->
<testsuite hostname="Mehedis-MacBook-Air.local" failures="0" tests="2" name="mooncat_basic_test.Currency_Converter_test" time="148.156" errors="0" timestamp="2024-09-18T11:54:23 BDT" skipped="0">
  <testcase classname="mooncat_basic_test.Currency_Converter_test" name="USD_to_CAD_Converter" time="61.448"/>
  <testcase classname="mooncat_basic_test.Currency_Converter_test" name="USD_to_GBP_Converter" time="86.708"/>
</testsuite> <!-- mooncat_basic_test.Currency_Converter_test -->
