<?xml version="1.0" encoding="UTF-8"?>
<!-- Generated by org.testng.reporters.JUnitReportReporter -->
<testsuite hostname="Mehedis-MacBook-Air.local" failures="0" tests="1" name="mooncat_basic_test.Search_Box_Check" time="1.512" errors="0" timestamp="2024-08-27T14:10:02 BDT" skipped="0">
  <testcase classname="mooncat_basic_test.Search_Box_Check" name="Check_Search_Box_Functionality" time="1.512"/>
</testsuite> <!-- mooncat_basic_test.Search_Box_Check -->
