<?xml version="1.0" encoding="UTF-8"?>
<!-- Generated by org.testng.reporters.JUnitReportReporter -->
<testsuite hostname="Mehedis-MacBook-Air.local" failures="0" tests="1" name="mooncat_basic_test.AddToCart" time="23.781" errors="0" timestamp="2024-09-04T13:04:58 BDT" skipped="0">
  <testcase classname="mooncat_basic_test.AddToCart" name="CheckAddToCartButton" time="23.781"/>
</testsuite> <!-- mooncat_basic_test.AddToCart -->
