<?xml version="1.0" encoding="UTF-8"?>
<!-- Generated by org.testng.reporters.JUnitReportReporter -->
<testsuite hostname="Mehedis-MacBook-Air.local" failures="0" tests="1" name="mooncat_basic_test.Currency_Converter_test" time="44.640" errors="0" timestamp="2024-09-17T21:16:16 BDT" skipped="0">
  <testcase classname="mooncat_basic_test.Currency_Converter_test" name="Check_Currency_Converter" time="44.640"/>
</testsuite> <!-- mooncat_basic_test.Currency_Converter_test -->
