<?xml version="1.0" encoding="UTF-8"?>
<!-- Generated by org.testng.reporters.JUnitReportReporter -->
<testsuite hostname="Mehedis-MacBook-Air.local" failures="0" tests="1" name="mooncat_basic_test.Multifunctional" time="7.932" errors="0" timestamp="2024-09-04T13:34:41 BDT" skipped="0">
  <testcase classname="mooncat_basic_test.Multifunctional" name="CreateNewAccount" time="7.932"/>
</testsuite> <!-- mooncat_basic_test.Multifunctional -->
