<?xml version="1.0" encoding="UTF-8"?>
<!-- Generated by org.testng.reporters.JUnitReportReporter -->
<testsuite hostname="Mehedis-MacBook-Air.local" failures="0" tests="1" name="mooncat_basic_test.Multifunctional" time="10.534" errors="0" timestamp="2024-09-04T18:28:55 BDT" skipped="0">
  <testcase classname="mooncat_basic_test.Multifunctional" name="CheckAddToCartButton" time="10.534"/>
</testsuite> <!-- mooncat_basic_test.Multifunctional -->
